Using pre-set license

 COMMAND LINE ARGUMENTS:
/Applications/Unity/Hub/Editor/2021.1.7f1/Unity.app/Contents/MacOS/Unity
-adb2
-batchMode
-noUpm
-name
AssetImportWorker0
-projectPath
/Users/glebsobolevsky/Documents/UnityDev/Snake2D
-logFile
Logs/AssetImportWorker0.log
-srvPort
51777
Successfully changed project path to: /Users/glebsobolevsky/Documents/UnityDev/Snake2D
/Users/glebsobolevsky/Documents/UnityDev/Snake2D
Using Asset Import Pipeline V2.
Refreshing native plugins compatible for Editor in 106.29 ms, found 2 plugins.
Preloading 0 native plugins for Editor in 0.00 ms.
Initialize engine version: 2021.1.7f1 (d91830b65d9b)
[Subsystems] Discovering subsystems at path /Applications/Unity/Hub/Editor/2021.1.7f1/Unity.app/Contents/Resources/UnitySubsystems
[Subsystems] Discovering subsystems at path /Users/glebsobolevsky/Documents/UnityDev/Snake2D/Assets
GfxDevice: creating device client; threaded=0; jobified=0
2021-05-17 18:02:04.409 Unity[70643:5123023] Color LCD preferred device: Intel(R) Iris(TM) Plus Graphics 655 (low power)
2021-05-17 18:02:04.409 Unity[70643:5123023] Metal devices available: 1
2021-05-17 18:02:04.409 Unity[70643:5123023] 0: Intel(R) Iris(TM) Plus Graphics 655 (low power)
2021-05-17 18:02:04.409 Unity[70643:5123023] Using device Intel(R) Iris(TM) Plus Graphics 655 (low power)
Initializing Metal device caps: Intel(R) Iris(TM) Plus Graphics 655
Initialize mono
Mono path[0] = '/Applications/Unity/Hub/Editor/2021.1.7f1/Unity.app/Contents/Managed'
Mono path[1] = '/Applications/Unity/Hub/Editor/2021.1.7f1/Unity.app/Contents/MonoBleedingEdge/lib/mono/unityjit'
Mono config path = '/Applications/Unity/Hub/Editor/2021.1.7f1/Unity.app/Contents/MonoBleedingEdge/etc'
Using monoOptions --debugger-agent=transport=dt_socket,embedding=1,server=y,suspend=n,address=127.0.0.1:56643
Begin MonoManager ReloadAssembly
Registering precompiled unity dll's ...
Register platform support module: /Applications/Unity/Hub/Editor/2021.1.7f1/Unity.app/Contents/PlaybackEngines/MacStandaloneSupport/UnityEditor.OSXStandalone.Extensions.dll
Register platform support module: /Applications/Unity/Hub/Editor/2021.1.7f1/PlaybackEngines/WindowsStandaloneSupport/UnityEditor.WindowsStandalone.Extensions.dll
Registered in 0.001571 seconds.
Native extension for WindowsStandalone target not found
Native extension for OSXStandalone target not found
Refreshing native plugins compatible for Editor in 103.56 ms, found 2 plugins.
Preloading 0 native plugins for Editor in 0.00 ms.
Mono: successfully reloaded assembly
- Completed reload, in  3.333 seconds
Platform modules already initialized, skipping
Registering precompiled user dll's ...
Registered in 0.004193 seconds.
Begin MonoManager ReloadAssembly
Symbol file LoadedFromMemory doesn't match image /Users/glebsobolevsky/Documents/UnityDev/Snake2D/Library/PackageCache/com.unity.visualscripting@1.6.1/Editor/VisualScripting.Core/Dependencies/YamlDotNet/Unity.VisualScripting.YamlDotNet.dll
Symbol file LoadedFromMemory doesn't match image /Users/glebsobolevsky/Documents/UnityDev/Snake2D/Library/PackageCache/com.unity.visualscripting@1.6.1/Editor/VisualScripting.Core/Dependencies/DotNetZip/Unity.VisualScripting.IonicZip.dll
Native extension for WindowsStandalone target not found
Native extension for OSXStandalone target not found
Refreshing native plugins compatible for Editor in 104.61 ms, found 2 plugins.
Preloading 0 native plugins for Editor in 0.00 ms.
Mono: successfully reloaded assembly
- Completed reload, in  1.603 seconds
Platform modules already initialized, skipping
========================================================================
Worker process is ready to serve import requests
Launching external process: /Applications/Unity/Hub/Editor/2021.1.7f1/Unity.app/Contents/Tools/UnityShaderCompiler
Launched and connected shader compiler UnityShaderCompiler after 0.02 seconds
Refreshing native plugins compatible for Editor in 1.31 ms, found 2 plugins.
Preloading 0 native plugins for Editor in 0.00 ms.
Unloading 3548 Unused Serialized files (Serialized files now loaded: 0)
System memory in use before: 213.9 MB.
System memory in use after: 214.0 MB.

Unloading 29 unused Assets to reduce memory usage. Loaded Objects now: 4002.
Total: 6.195597 ms (FindLiveObjects: 0.669668 ms CreateObjectMapping: 1.022789 ms MarkObjects: 4.292472 ms  DeleteObjects: 0.207561 ms)

========================================================================
Received Import Request.
  path: Assets/Scenes/MenuScene.unity
  artifactKey: Guid(f05564de8cf604eed9ddd1481c5c6c2b) Importer(815301076,1909f56bfc062723c751e8b465ee728b)
Start importing Assets/Scenes/MenuScene.unity using Guid(f05564de8cf604eed9ddd1481c5c6c2b) Importer(815301076,1909f56bfc062723c751e8b465ee728b)  -> (artifact id: '08c324917b5137f0dc0ce2639eb571c9') in 0.033221 seconds 
========================================================================
Received Prepare
Registering precompiled user dll's ...
Registered in 0.002778 seconds.
Begin MonoManager ReloadAssembly
Symbol file LoadedFromMemory doesn't match image /Users/glebsobolevsky/Documents/UnityDev/Snake2D/Library/PackageCache/com.unity.visualscripting@1.6.1/Editor/VisualScripting.Core/Dependencies/YamlDotNet/Unity.VisualScripting.YamlDotNet.dll
Symbol file LoadedFromMemory doesn't match image /Users/glebsobolevsky/Documents/UnityDev/Snake2D/Library/PackageCache/com.unity.visualscripting@1.6.1/Editor/VisualScripting.Core/Dependencies/DotNetZip/Unity.VisualScripting.IonicZip.dll
Native extension for WindowsStandalone target not found
Native extension for OSXStandalone target not found
Refreshing native plugins compatible for Editor in 0.71 ms, found 2 plugins.
Preloading 0 native plugins for Editor in 0.00 ms.
Mono: successfully reloaded assembly
- Completed reload, in  1.418 seconds
Platform modules already initialized, skipping
Refreshing native plugins compatible for Editor in 0.74 ms, found 2 plugins.
Preloading 0 native plugins for Editor in 0.00 ms.
Unloading 3528 Unused Serialized files (Serialized files now loaded: 0)
System memory in use before: 212.7 MB.
System memory in use after: 212.8 MB.

Unloading 17 unused Assets to reduce memory usage. Loaded Objects now: 4006.
Total: 8.622722 ms (FindLiveObjects: 0.362256 ms CreateObjectMapping: 0.159716 ms MarkObjects: 7.959294 ms  DeleteObjects: 0.139753 ms)

========================================================================
Received Prepare
Registering precompiled user dll's ...
Registered in 0.002548 seconds.
Begin MonoManager ReloadAssembly
Symbol file LoadedFromMemory doesn't match image /Users/glebsobolevsky/Documents/UnityDev/Snake2D/Library/PackageCache/com.unity.visualscripting@1.6.1/Editor/VisualScripting.Core/Dependencies/YamlDotNet/Unity.VisualScripting.YamlDotNet.dll
Symbol file LoadedFromMemory doesn't match image /Users/glebsobolevsky/Documents/UnityDev/Snake2D/Library/PackageCache/com.unity.visualscripting@1.6.1/Editor/VisualScripting.Core/Dependencies/DotNetZip/Unity.VisualScripting.IonicZip.dll
Native extension for WindowsStandalone target not found
Native extension for OSXStandalone target not found
Refreshing native plugins compatible for Editor in 1.07 ms, found 2 plugins.
Preloading 0 native plugins for Editor in 0.00 ms.
Mono: successfully reloaded assembly
- Completed reload, in  1.266 seconds
Platform modules already initialized, skipping
Refreshing native plugins compatible for Editor in 0.68 ms, found 2 plugins.
Preloading 0 native plugins for Editor in 0.00 ms.
Unloading 3528 Unused Serialized files (Serialized files now loaded: 0)
System memory in use before: 213.0 MB.
System memory in use after: 213.1 MB.

Unloading 17 unused Assets to reduce memory usage. Loaded Objects now: 4010.
Total: 3.006997 ms (FindLiveObjects: 0.314624 ms CreateObjectMapping: 0.161035 ms MarkObjects: 2.429905 ms  DeleteObjects: 0.100429 ms)

========================================================================
Received Prepare
Registering precompiled user dll's ...
Registered in 0.003438 seconds.
Begin MonoManager ReloadAssembly
Symbol file LoadedFromMemory doesn't match image /Users/glebsobolevsky/Documents/UnityDev/Snake2D/Library/PackageCache/com.unity.visualscripting@1.6.1/Editor/VisualScripting.Core/Dependencies/YamlDotNet/Unity.VisualScripting.YamlDotNet.dll
Symbol file LoadedFromMemory doesn't match image /Users/glebsobolevsky/Documents/UnityDev/Snake2D/Library/PackageCache/com.unity.visualscripting@1.6.1/Editor/VisualScripting.Core/Dependencies/DotNetZip/Unity.VisualScripting.IonicZip.dll
Native extension for WindowsStandalone target not found
Native extension for OSXStandalone target not found
Refreshing native plugins compatible for Editor in 0.75 ms, found 2 plugins.
Preloading 0 native plugins for Editor in 0.00 ms.
Mono: successfully reloaded assembly
- Completed reload, in  1.183 seconds
Platform modules already initialized, skipping
Refreshing native plugins compatible for Editor in 0.67 ms, found 2 plugins.
Preloading 0 native plugins for Editor in 0.00 ms.
Unloading 3528 Unused Serialized files (Serialized files now loaded: 0)
System memory in use before: 213.3 MB.
System memory in use after: 213.4 MB.

Unloading 17 unused Assets to reduce memory usage. Loaded Objects now: 4014.
Total: 2.626612 ms (FindLiveObjects: 0.271842 ms CreateObjectMapping: 0.143862 ms MarkObjects: 2.107178 ms  DeleteObjects: 0.102841 ms)

========================================================================
Received Prepare
Registering precompiled user dll's ...
Registered in 0.003279 seconds.
Begin MonoManager ReloadAssembly
Symbol file LoadedFromMemory doesn't match image /Users/glebsobolevsky/Documents/UnityDev/Snake2D/Library/PackageCache/com.unity.visualscripting@1.6.1/Editor/VisualScripting.Core/Dependencies/YamlDotNet/Unity.VisualScripting.YamlDotNet.dll
Symbol file LoadedFromMemory doesn't match image /Users/glebsobolevsky/Documents/UnityDev/Snake2D/Library/PackageCache/com.unity.visualscripting@1.6.1/Editor/VisualScripting.Core/Dependencies/DotNetZip/Unity.VisualScripting.IonicZip.dll
Native extension for WindowsStandalone target not found
Native extension for OSXStandalone target not found
Refreshing native plugins compatible for Editor in 0.66 ms, found 2 plugins.
Preloading 0 native plugins for Editor in 0.00 ms.
Mono: successfully reloaded assembly
- Completed reload, in  1.294 seconds
Platform modules already initialized, skipping
Refreshing native plugins compatible for Editor in 0.75 ms, found 2 plugins.
Preloading 0 native plugins for Editor in 0.00 ms.
Unloading 3528 Unused Serialized files (Serialized files now loaded: 0)
System memory in use before: 213.5 MB.
System memory in use after: 213.6 MB.

Unloading 17 unused Assets to reduce memory usage. Loaded Objects now: 4018.
Total: 2.941518 ms (FindLiveObjects: 0.299086 ms CreateObjectMapping: 0.170709 ms MarkObjects: 2.367778 ms  DeleteObjects: 0.103011 ms)

========================================================================
Received Prepare
Registering precompiled user dll's ...
Registered in 0.003039 seconds.
Begin MonoManager ReloadAssembly
Symbol file LoadedFromMemory doesn't match image /Users/glebsobolevsky/Documents/UnityDev/Snake2D/Library/PackageCache/com.unity.visualscripting@1.6.1/Editor/VisualScripting.Core/Dependencies/YamlDotNet/Unity.VisualScripting.YamlDotNet.dll
Symbol file LoadedFromMemory doesn't match image /Users/glebsobolevsky/Documents/UnityDev/Snake2D/Library/PackageCache/com.unity.visualscripting@1.6.1/Editor/VisualScripting.Core/Dependencies/DotNetZip/Unity.VisualScripting.IonicZip.dll
Native extension for WindowsStandalone target not found
Native extension for OSXStandalone target not found
Refreshing native plugins compatible for Editor in 0.82 ms, found 2 plugins.
Preloading 0 native plugins for Editor in 0.00 ms.
Mono: successfully reloaded assembly
- Completed reload, in  1.133 seconds
Platform modules already initialized, skipping
Refreshing native plugins compatible for Editor in 0.70 ms, found 2 plugins.
Preloading 0 native plugins for Editor in 0.00 ms.
Unloading 3528 Unused Serialized files (Serialized files now loaded: 0)
System memory in use before: 213.7 MB.
System memory in use after: 213.8 MB.

Unloading 17 unused Assets to reduce memory usage. Loaded Objects now: 4022.
Total: 2.780091 ms (FindLiveObjects: 0.272950 ms CreateObjectMapping: 0.145292 ms MarkObjects: 2.264759 ms  DeleteObjects: 0.095994 ms)

========================================================================
Received Prepare
Registering precompiled user dll's ...
Registered in 0.001802 seconds.
Begin MonoManager ReloadAssembly
Symbol file LoadedFromMemory doesn't match image /Users/glebsobolevsky/Documents/UnityDev/Snake2D/Library/PackageCache/com.unity.visualscripting@1.6.1/Editor/VisualScripting.Core/Dependencies/YamlDotNet/Unity.VisualScripting.YamlDotNet.dll
Symbol file LoadedFromMemory doesn't match image /Users/glebsobolevsky/Documents/UnityDev/Snake2D/Library/PackageCache/com.unity.visualscripting@1.6.1/Editor/VisualScripting.Core/Dependencies/DotNetZip/Unity.VisualScripting.IonicZip.dll
Native extension for WindowsStandalone target not found
Native extension for OSXStandalone target not found
Refreshing native plugins compatible for Editor in 0.77 ms, found 2 plugins.
Preloading 0 native plugins for Editor in 0.00 ms.
Mono: successfully reloaded assembly
- Completed reload, in  1.479 seconds
Platform modules already initialized, skipping
Refreshing native plugins compatible for Editor in 0.74 ms, found 2 plugins.
Preloading 0 native plugins for Editor in 0.00 ms.
Unloading 3528 Unused Serialized files (Serialized files now loaded: 0)
System memory in use before: 214.0 MB.
System memory in use after: 214.1 MB.

Unloading 17 unused Assets to reduce memory usage. Loaded Objects now: 4026.
Total: 2.785285 ms (FindLiveObjects: 0.330931 ms CreateObjectMapping: 0.138296 ms MarkObjects: 2.207646 ms  DeleteObjects: 0.106686 ms)

========================================================================
Received Prepare
Registering precompiled user dll's ...
Registered in 0.009345 seconds.
Begin MonoManager ReloadAssembly
Symbol file LoadedFromMemory doesn't match image /Users/glebsobolevsky/Documents/UnityDev/Snake2D/Library/PackageCache/com.unity.visualscripting@1.6.1/Editor/VisualScripting.Core/Dependencies/YamlDotNet/Unity.VisualScripting.YamlDotNet.dll
Symbol file LoadedFromMemory doesn't match image /Users/glebsobolevsky/Documents/UnityDev/Snake2D/Library/PackageCache/com.unity.visualscripting@1.6.1/Editor/VisualScripting.Core/Dependencies/DotNetZip/Unity.VisualScripting.IonicZip.dll
Native extension for WindowsStandalone target not found
Native extension for OSXStandalone target not found
Refreshing native plugins compatible for Editor in 0.72 ms, found 2 plugins.
Preloading 0 native plugins for Editor in 0.00 ms.
Mono: successfully reloaded assembly
- Completed reload, in  1.282 seconds
Platform modules already initialized, skipping
Refreshing native plugins compatible for Editor in 0.74 ms, found 2 plugins.
Preloading 0 native plugins for Editor in 0.00 ms.
Unloading 3528 Unused Serialized files (Serialized files now loaded: 0)
System memory in use before: 214.2 MB.
System memory in use after: 214.4 MB.

Unloading 17 unused Assets to reduce memory usage. Loaded Objects now: 4030.
Total: 3.111509 ms (FindLiveObjects: 0.287896 ms CreateObjectMapping: 0.237234 ms MarkObjects: 2.477297 ms  DeleteObjects: 0.108245 ms)

========================================================================
Received Prepare
Registering precompiled user dll's ...
Registered in 0.001718 seconds.
Begin MonoManager ReloadAssembly
Symbol file LoadedFromMemory doesn't match image /Users/glebsobolevsky/Documents/UnityDev/Snake2D/Library/PackageCache/com.unity.visualscripting@1.6.1/Editor/VisualScripting.Core/Dependencies/YamlDotNet/Unity.VisualScripting.YamlDotNet.dll
Symbol file LoadedFromMemory doesn't match image /Users/glebsobolevsky/Documents/UnityDev/Snake2D/Library/PackageCache/com.unity.visualscripting@1.6.1/Editor/VisualScripting.Core/Dependencies/DotNetZip/Unity.VisualScripting.IonicZip.dll
Native extension for WindowsStandalone target not found
Native extension for OSXStandalone target not found
Refreshing native plugins compatible for Editor in 0.67 ms, found 2 plugins.
Preloading 0 native plugins for Editor in 0.00 ms.
Mono: successfully reloaded assembly
- Completed reload, in  1.275 seconds
Platform modules already initialized, skipping
Refreshing native plugins compatible for Editor in 0.74 ms, found 2 plugins.
Preloading 0 native plugins for Editor in 0.00 ms.
Unloading 3528 Unused Serialized files (Serialized files now loaded: 0)
System memory in use before: 214.5 MB.
System memory in use after: 214.6 MB.

Unloading 17 unused Assets to reduce memory usage. Loaded Objects now: 4034.
Total: 2.704716 ms (FindLiveObjects: 0.370286 ms CreateObjectMapping: 0.137944 ms MarkObjects: 2.103284 ms  DeleteObjects: 0.092303 ms)

========================================================================
Received Import Request.
  Time since last request: 4445.693365 seconds.
  path: Assets/ReturnToMenu.cs
  artifactKey: Guid(b4f7d9503ec4a45ddbed469817c2b9d2) Importer(815301076,1909f56bfc062723c751e8b465ee728b)
Start importing Assets/ReturnToMenu.cs using Guid(b4f7d9503ec4a45ddbed469817c2b9d2) Importer(815301076,1909f56bfc062723c751e8b465ee728b)  -> (artifact id: '615f1c242b49a5c7e66581ededdec33f') in 0.471418 seconds 
========================================================================
Received Prepare
Registering precompiled user dll's ...
Registered in 0.002873 seconds.
Begin MonoManager ReloadAssembly
Symbol file LoadedFromMemory doesn't match image /Users/glebsobolevsky/Documents/UnityDev/Snake2D/Library/PackageCache/com.unity.visualscripting@1.6.1/Editor/VisualScripting.Core/Dependencies/YamlDotNet/Unity.VisualScripting.YamlDotNet.dll
Symbol file LoadedFromMemory doesn't match image /Users/glebsobolevsky/Documents/UnityDev/Snake2D/Library/PackageCache/com.unity.visualscripting@1.6.1/Editor/VisualScripting.Core/Dependencies/DotNetZip/Unity.VisualScripting.IonicZip.dll
Native extension for WindowsStandalone target not found
Native extension for OSXStandalone target not found
Refreshing native plugins compatible for Editor in 1.40 ms, found 2 plugins.
Preloading 0 native plugins for Editor in 0.00 ms.
Mono: successfully reloaded assembly
- Completed reload, in  1.360 seconds
Platform modules already initialized, skipping
Refreshing native plugins compatible for Editor in 0.71 ms, found 2 plugins.
Preloading 0 native plugins for Editor in 0.00 ms.
Unloading 3527 Unused Serialized files (Serialized files now loaded: 0)
System memory in use before: 219.0 MB.
System memory in use after: 219.1 MB.

Unloading 18 unused Assets to reduce memory usage. Loaded Objects now: 4037.
Total: 4.029534 ms (FindLiveObjects: 0.429626 ms CreateObjectMapping: 0.296894 ms MarkObjects: 3.193845 ms  DeleteObjects: 0.107639 ms)

========================================================================
Received Prepare
Refreshing native plugins compatible for Editor in 7.27 ms, found 2 plugins.
Preloading 0 native plugins for Editor in 0.00 ms.
Unloading 15 Unused Serialized files (Serialized files now loaded: 0)
System memory in use before: 149.5 MB.
System memory in use after: 149.6 MB.

Unloading 15 unused Assets to reduce memory usage. Loaded Objects now: 4037.
Total: 13.257469 ms (FindLiveObjects: 0.730432 ms CreateObjectMapping: 0.153302 ms MarkObjects: 12.218678 ms  DeleteObjects: 0.154163 ms)

========================================================================
Received Prepare
Refreshing native plugins compatible for Editor in 2.54 ms, found 2 plugins.
Preloading 0 native plugins for Editor in 0.00 ms.
Unloading 15 Unused Serialized files (Serialized files now loaded: 0)
System memory in use before: 149.5 MB.
System memory in use after: 149.6 MB.

Unloading 15 unused Assets to reduce memory usage. Loaded Objects now: 4037.
Total: 5.721620 ms (FindLiveObjects: 0.222010 ms CreateObjectMapping: 0.139667 ms MarkObjects: 5.276429 ms  DeleteObjects: 0.082904 ms)

